<?xml version="1.0" encoding="UTF-8"?>
<!-- Generated by org.testng.reporters.JUnitXMLReporter -->
<testsuite ignored="1" hostname="Guru" failures="0" tests="2" name="Surefire test" time="25.445" errors="0" timestamp="2023-11-30T18:23:12 IST">
  <testcase classname="com.main.base.Test_Cases" name="login" time="8.128"/>
  <testcase classname="com.main.base.Test_Cases" name="getCheatSheet" time="17.039"/>
  <testcase classname="com.main.base.Test_Cases" name="loginTest" time="0.0">
    <ignored/>
  </testcase> <!-- loginTest -->
</testsuite> <!-- Surefire test -->
