<?xml version="1.0" encoding="UTF-8"?>
<testng-results ignored="0" total="6" passed="6" failed="0" skipped="0">
  <reporter-output>
  </reporter-output>
  <suite started-at="2023-12-06T12:21:12 IST" name="Suite" finished-at="2023-12-06T12:21:12 IST" duration-ms="67">
    <groups>
    </groups>
    <test started-at="2023-12-06T12:21:12 IST" name="testNG_module1_Part2" finished-at="2023-12-06T12:21:12 IST" duration-ms="58">
      <class name="testNG_module1_Part2.Before_Suite">
        <test-method is-config="true" signature="pre_condition()[pri:0, instance:testNG_module1_Part2.Before_Suite@229f66ed]" started-at="2023-12-06T12:21:12 IST" name="pre_condition" finished-at="2023-12-06T12:21:12 IST" duration-ms="17" status="PASS">
          <reporter-output>
          </reporter-output>
        </test-method> <!-- pre_condition -->
        <test-method signature="TestCase5()[pri:0, instance:testNG_module1_Part2.Before_Suite@229f66ed]" started-at="2023-12-06T12:21:12 IST" name="TestCase5" finished-at="2023-12-06T12:21:12 IST" duration-ms="10" status="PASS">
          <reporter-output>
          </reporter-output>
        </test-method> <!-- TestCase5 -->
        <test-method signature="TestCase6()[pri:0, instance:testNG_module1_Part2.Before_Suite@229f66ed]" started-at="2023-12-06T12:21:12 IST" name="TestCase6" finished-at="2023-12-06T12:21:12 IST" duration-ms="2" status="PASS">
          <reporter-output>
          </reporter-output>
        </test-method> <!-- TestCase6 -->
        <test-method is-config="true" signature="post_condition()[pri:0, instance:testNG_module1_Part2.Before_Suite@229f66ed]" started-at="2023-12-06T12:21:12 IST" name="post_condition" finished-at="2023-12-06T12:21:12 IST" duration-ms="1" status="PASS">
          <reporter-output>
          </reporter-output>
        </test-method> <!-- post_condition -->
      </class> <!-- testNG_module1_Part2.Before_Suite -->
    </test> <!-- testNG_module1_Part2 -->
    <test started-at="2023-12-06T12:21:12 IST" name="testNG_module1" finished-at="2023-12-06T12:21:12 IST" duration-ms="67">
      <class name="testNG_module1.Before_Test2">
        <test-method is-config="true" signature="pre_condition()[pri:0, instance:testNG_module1.Before_Test2@3e694b3f]" started-at="2023-12-06T12:21:12 IST" name="pre_condition" finished-at="2023-12-06T12:21:12 IST" duration-ms="0" status="PASS">
          <reporter-output>
          </reporter-output>
        </test-method> <!-- pre_condition -->
        <test-method signature="TestCase1()[pri:0, instance:testNG_module1.Before_Test2@3e694b3f]" started-at="2023-12-06T12:21:12 IST" name="TestCase1" finished-at="2023-12-06T12:21:12 IST" duration-ms="11" status="PASS">
          <reporter-output>
          </reporter-output>
        </test-method> <!-- TestCase1 -->
        <test-method signature="TestCase2()[pri:0, instance:testNG_module1.Before_Test2@3e694b3f]" started-at="2023-12-06T12:21:12 IST" name="TestCase2" finished-at="2023-12-06T12:21:12 IST" duration-ms="2" status="PASS">
          <reporter-output>
          </reporter-output>
        </test-method> <!-- TestCase2 -->
        <test-method is-config="true" signature="post_condition()[pri:0, instance:testNG_module1.Before_Test2@3e694b3f]" started-at="2023-12-06T12:21:12 IST" name="post_condition" finished-at="2023-12-06T12:21:12 IST" duration-ms="1" status="PASS">
          <reporter-output>
          </reporter-output>
        </test-method> <!-- post_condition -->
      </class> <!-- testNG_module1.Before_Test2 -->
      <class name="testNG_module1.Before_Test">
        <test-method is-config="true" signature="pre_condition()[pri:0, instance:testNG_module1.Before_Test@5fe94a96]" started-at="2023-12-06T12:21:12 IST" name="pre_condition" finished-at="2023-12-06T12:21:12 IST" duration-ms="1" status="PASS">
          <reporter-output>
          </reporter-output>
        </test-method> <!-- pre_condition -->
        <test-method signature="TestCase3()[pri:0, instance:testNG_module1.Before_Test@5fe94a96]" started-at="2023-12-06T12:21:12 IST" name="TestCase3" finished-at="2023-12-06T12:21:12 IST" duration-ms="1" status="PASS">
          <reporter-output>
          </reporter-output>
        </test-method> <!-- TestCase3 -->
        <test-method signature="TestCase4()[pri:0, instance:testNG_module1.Before_Test@5fe94a96]" started-at="2023-12-06T12:21:12 IST" name="TestCase4" finished-at="2023-12-06T12:21:12 IST" duration-ms="2" status="PASS">
          <reporter-output>
          </reporter-output>
        </test-method> <!-- TestCase4 -->
        <test-method is-config="true" signature="post_condition()[pri:0, instance:testNG_module1.Before_Test@5fe94a96]" started-at="2023-12-06T12:21:12 IST" name="post_condition" finished-at="2023-12-06T12:21:12 IST" duration-ms="0" status="PASS">
          <reporter-output>
          </reporter-output>
        </test-method> <!-- post_condition -->
      </class> <!-- testNG_module1.Before_Test -->
    </test> <!-- testNG_module1 -->
  </suite> <!-- Suite -->
</testng-results>
