<?xml version="1.0" encoding="UTF-8"?>
<!-- Generated by org.testng.reporters.JUnitXMLReporter -->
<testsuite ignored="2" hostname="Guru" failures="0" tests="1" name="Default test" time="8.477" errors="0" timestamp="2023-12-04T22:12:20 IST">
  <testcase classname="TestCases.AllTestCases" name="loginCheckWithIncorrectCreds" time="8.432"/>
  <testcase classname="TestCases.AllTestCases" name="addProductToCart" time="0.0">
    <ignored/>
  </testcase> <!-- addProductToCart -->
  <testcase classname="TestCases.AllTestCases" name="loginCheckWithCorrectCreds" time="0.0">
    <ignored/>
  </testcase> <!-- loginCheckWithCorrectCreds -->
</testsuite> <!-- Default test -->
