<?xml version="1.0" encoding="UTF-8"?>
<!-- Generated by org.testng.reporters.JUnitXMLReporter -->
<testsuite ignored="0" hostname="Guru" failures="0" tests="10" name="Packages" time="0.091" errors="0" timestamp="2023-10-27T19:24:26 IST">
  <testcase classname="testNG_module1.Before_Class" name="TestCase1" time="0.009"/>
  <testcase classname="testNG_module1.Before_Class" name="TestCase2" time="0.002"/>
  <testcase classname="testNG_module1_Part2.Before_Suite" name="TestCase5" time="0.003"/>
  <testcase classname="testNG_module1_Part2.Before_Suite" name="TestCase6" time="0.001"/>
  <testcase classname="testNG_module1.Before_Method" name="TestCase1" time="0.003"/>
  <testcase classname="testNG_module1.Before_Method" name="TestCase2" time="0.001"/>
  <testcase classname="testNG_module1.Before_Test" name="TestCase3" time="0.001"/>
  <testcase classname="testNG_module1.Before_Test" name="TestCase4" time="0.001"/>
  <testcase classname="testNG_module1.Before_Test2" name="TestCase1" time="0.001"/>
  <testcase classname="testNG_module1.Before_Test2" name="TestCase2" time="0.001"/>
</testsuite> <!-- Packages -->
