<?xml version="1.0" encoding="UTF-8"?>
<!-- Generated by org.testng.reporters.JUnitXMLReporter -->
<testsuite ignored="0" hostname="Guru" failures="0" tests="4" name="testNG_module1" time="0.067" errors="0" timestamp="2023-12-06T12:21:12 IST">
  <testcase classname="testNG_module1.Before_Test2" name="TestCase1" time="0.011"/>
  <testcase classname="testNG_module1.Before_Test2" name="TestCase2" time="0.002"/>
  <testcase classname="testNG_module1.Before_Test" name="TestCase3" time="0.001"/>
  <testcase classname="testNG_module1.Before_Test" name="TestCase4" time="0.002"/>
</testsuite> <!-- testNG_module1 -->
