<?xml version="1.0" encoding="UTF-8"?>
<!-- Generated by org.testng.reporters.JUnitXMLReporter -->
<testsuite ignored="0" hostname="Guru" failures="0" tests="5" name="Test" time="4.897" errors="0" timestamp="2023-10-24T21:42:27 IST">
  <testcase classname="testNG_module1.TestNG_Framework" name="a_openURL" time="2.645"/>
  <testcase classname="testNG_module1.TestNG_Framework" name="b_username" time="0.144"/>
  <testcase classname="testNG_module1.TestNG_Framework" name="c_password" time="0.101"/>
  <testcase classname="testNG_module1.TestNG_Framework" name="d_submit" time="1.363"/>
  <testcase classname="testNG_module1.TestNG_Framework" name="e_logOut" time="0.583"/>
</testsuite> <!-- Test -->
