<?xml version="1.0" encoding="UTF-8"?>
<testng-results ignored="0" total="2" passed="2" failed="0" skipped="0">
  <reporter-output>
  </reporter-output>
  <suite started-at="2023-11-30T18:22:46 IST" name="Surefire suite" finished-at="2023-11-30T18:23:12 IST" duration-ms="25445">
    <groups>
    </groups>
    <test started-at="2023-11-30T18:22:46 IST" name="Surefire test" finished-at="2023-11-30T18:23:12 IST" duration-ms="25445">
      <class name="com.main.base.Test_Cases">
        <test-method is-config="true" signature="loadConfig()[pri:0, instance:com.main.base.Test_Cases@1d119efb]" started-at="2023-11-30T18:22:46 IST" name="loadConfig" finished-at="2023-11-30T18:22:46 IST" duration-ms="13" status="PASS">
          <reporter-output>
          </reporter-output>
        </test-method> <!-- loadConfig -->
        <test-method signature="login()[pri:1, instance:com.main.base.Test_Cases@1d119efb]" started-at="2023-11-30T18:22:46 IST" name="login" finished-at="2023-11-30T18:22:54 IST" duration-ms="8128" status="PASS">
          <reporter-output>
          </reporter-output>
        </test-method> <!-- login -->
        <test-method signature="getCheatSheet()[pri:2, instance:com.main.base.Test_Cases@1d119efb]" started-at="2023-11-30T18:22:55 IST" name="getCheatSheet" finished-at="2023-11-30T18:23:12 IST" duration-ms="17039" status="PASS">
          <reporter-output>
          </reporter-output>
        </test-method> <!-- getCheatSheet -->
        <test-method is-config="true" signature="AS()[pri:0, instance:com.main.base.Test_Cases@1d119efb]" started-at="2023-11-30T18:23:12 IST" name="AS" finished-at="2023-11-30T18:23:12 IST" duration-ms="148" status="PASS">
          <reporter-output>
          </reporter-output>
        </test-method> <!-- AS -->
      </class> <!-- com.main.base.Test_Cases -->
    </test> <!-- Surefire test -->
  </suite> <!-- Surefire suite -->
</testng-results>
