<?xml version="1.0" encoding="UTF-8"?>
<!-- Generated by org.testng.reporters.JUnitXMLReporter -->
<testsuite ignored="0" hostname="Guru" failures="1" tests="2" name="Test" time="0.725" errors="0" timestamp="2023-11-02T12:09:03 IST">
  <testcase classname="testngPackage.DemoClass" name="m2" time="0.013"/>
  <testcase classname="testngPackage.DemoClass" name="m2" time="0.023">
    <failure type="java.lang.NullPointerException" message="Cannot invoke &amp;quot;com.aventstack.extentreports.ExtentReports.createTest(String)&amp;quot; because &amp;quot;this.createTest&amp;quot; is null">
      <![CDATA[java.lang.NullPointerException: Cannot invoke "com.aventstack.extentreports.ExtentReports.createTest(String)" because "this.createTest" is null
at testngPackage.ListenersDemo.onTestSuccess(ListenersDemo.java:34)
at java.base/java.util.ArrayList.forEach(ArrayList.java:1511)
... Removed 24 stack frames]]>
    </failure>
  </testcase> <!-- m2 -->
</testsuite> <!-- Test -->
