<?xml version="1.0" encoding="UTF-8"?>
<!-- Generated by org.testng.reporters.JUnitXMLReporter -->
<testsuite ignored="0" hostname="Guru" failures="1" tests="6" name="Test" time="27.96" errors="0" timestamp="2023-12-04T16:35:15 IST">
  <testcase classname="TestCases.AllTestCases" name="loginCheckWithCorrectCreds" time="2.474"/>
  <testcase classname="TestCases.AllTestCases" name="loginCheckWithCorrectCreds" time="1.574"/>
  <testcase classname="TestCases.AllTestCases" name="loginCheckWithCorrectCreds" time="6.636"/>
  <testcase classname="TestCases.AllTestCases" name="loginCheckWithCorrectCreds" time="1.601"/>
  <testcase classname="TestCases.AllTestCases" name="loginCheckWithIncorrectCreds" time="6.553">
    <failure type="java.lang.AssertionError" message="expected [false] but found [true]">
      <![CDATA[java.lang.AssertionError: expected [false] but found [true]
at TestCases.AllTestCases.loginCheckWithIncorrectCreds(AllTestCases.java:46)
at java.base/java.util.ArrayList.forEach(ArrayList.java:1511)
... Removed 29 stack frames]]>
    </failure>
  </testcase> <!-- loginCheckWithIncorrectCreds -->
  <testcase classname="TestCases.AllTestCases" name="addProductToCart" time="8.018"/>
</testsuite> <!-- Test -->
